Jul  9 18:02:00 2023:[1001][631]set time
Jul 27 13:58:07 2023:[1001][626]set time
Aug  3 16:34:20 2023:[1001][626]set time
Aug  3 20:53:55 2023:[1001][626]set time
Aug 16 17:43:25 2023:[1001][626]set time
Aug 16 18:07:03 2023:[1001][626]set time
Aug 16 18:22:59 2023:[1001][626]set time
Aug 16 18:34:48 2023:[1001][626]set time
Aug 16 18:45:55 2023:[1001][626]set time
Aug 16 19:17:55 2023:[1001][626]set time
Aug 17 18:42:01 2023:[1001][626]set time
Aug 17 18:47:38 2023:[1001][626]set time
Aug 17 18:53:08 2023:[1001][625]set time
Aug 17 18:59:43 2023:[1001][626]set time
Aug 17 19:07:57 2023:[1001][626]set time
Aug 17 19:09:10 2023:[1001][625]set time
Aug 17 19:12:36 2023:[1001][626]set time
Aug 17 19:15:28 2023:[1001][626]set time
Aug 17 19:45:41 2023:[1001][626]set time
Aug 17 19:47:49 2023:[1001][626]set time
Aug 17 19:56:03 2023:[1001][625]set time
Aug 17 20:12:49 2023:[1001][626]set time
Aug 17 21:18:41 2023:[1001][626]set time
Aug 17 21:20:55 2023:[1001][626]set time
Aug 18 09:42:56 2023:[1001][626]set time
Aug 18 09:44:06 2023:[1001][666]web login suc ip=192.168.0.100
Aug 18 10:19:26 2023:[1001][626]set time
Aug 18 12:02:08 2023:[1001][626]set time
Aug 18 12:10:09 2023:[1001][626]set time
Aug 18 12:12:37 2023:[1001][626]set time
Aug 18 12:29:37 2023:[1001][626]set time
Aug 18 12:31:12 2023:[1001][626]set time
Aug 18 12:31:51 2023:[1001][626]set time
Aug 18 12:38:04 2023:[1001][626]set time
Aug 18 12:39:07 2023:[1001][626]set time
Aug 18 12:42:47 2023:[1001][626]set time
Aug 18 12:43:10 2023:[1001][626]set time
Aug 18 12:44:07 2023:[1001][626]set time
Aug 18 13:52:00 2023:[1001][626]set time
Aug 18 13:56:05 2023:[1001][626]set time
Aug 18 14:00:03 2023:[1001][626]set time
Aug 18 16:20:23 2023:[1001][626]set time
Aug 18 16:22:54 2023:[1001][626]set time
Aug 18 16:24:33 2023:[1001][626]set time
Aug 18 17:12:18 2023:[1001][626]set time
Aug 18 17:32:37 2023:[1001][626]set time
Aug 18 18:37:10 2023:[1001][626]set time
Aug 18 18:46:58 2023:[1001][626]set time
Aug 18 18:48:08 2023:[1001][626]set time
Aug 20 00:00:57 2023:[1001][626]set time
Aug 20 01:59:29 2023:[1001][666]web login suc ip=192.168.0.100
Aug 20 02:13:51 2023:[1001][626]set time
Nov  3 04:47:59 1987:[1001][669]web login suc ip=192.168.0.100
Aug 20 09:49:21 2023:[1001][626]set time
Aug 20 09:57:55 2023:[1001][626]set time
Aug 20 10:16:40 2023:[1001][626]set time
Aug 20 10:44:45 2023:[1001][664]web login suc ip=192.168.0.100
Aug 20 10:46:00 2023:[1001][626]set time
Aug 20 10:46:00 2023:[1001][667]web logout
Aug 20 10:46:32 2023:[1001][667]web login suc ip=192.168.0.100
Aug 20 12:05:28 2023:[1001][626]set time
Aug 20 12:41:01 2023:[1001][666]web login suc ip=192.168.0.100
Aug 20 12:51:44 2023:[1001][666]web logout timeout
Aug 20 12:51:45 2023:[1001][666]web logout
Aug 20 13:12:21 2023:[1001][666]web login suc ip=192.168.0.100
Aug 21 23:48:27 2023:[1001][626]set time
Aug 22 00:12:19 2023:[1001][626]set time
Aug 22 10:08:46 2023:[1001][626]set time
Aug 22 12:00:54 2023:[1001][626]set time
Aug 22 18:19:03 2023:[1001][626]set time
Aug 22 18:49:15 2023:[1001][626]set time
Aug 22 21:24:54 2023:[1001][626]set time
Aug 23 09:34:27 2023:[1001][626]set time
Aug 23 13:00:33 2023:[1001][625]set time
Aug 23 17:09:10 2023:[1001][661]web login suc ip=192.168.0.100
Aug 23 20:42:30 2023:[1001][661]web logout timeout
Aug 23 20:42:39 2023:[1001][661]web login suc ip=192.168.0.100
Aug 23 21:52:53 2023:[1001][661]web logout timeout
Aug 23 21:52:57 2023:[1001][661]web login suc ip=192.168.0.100
Aug 23 22:03:25 2023:[1001][661]web logout timeout
Aug 23 22:03:25 2023:[1001][661]web logout
Aug 24 08:35:57 2023:[1001][626]set time
Aug 24 08:38:48 2023:[1001][626]set time
Aug 24 08:42:57 2023:[1001][626]set time
Aug 24 08:45:53 2023:[1001][626]set time
Aug 24 08:47:58 2023:[1001][626]set time
Aug 24 08:48:04 2023:[1001][666]web login suc ip=192.168.0.100
Nov  3 04:47:15 1987:[1001][660]web logout
Aug 24 08:49:12 2023:[1001][626]set time
Aug 24 08:52:04 2023:[1001][660]web login suc ip=192.168.0.100
Aug 24 08:53:22 2023:[1001][626]set time
Aug 24 08:54:52 2023:[1001][626]set time
Aug 24 08:57:20 2023:[1001][626]set time
Aug 24 08:59:49 2023:[1001][626]set time
Aug 24 11:41:06 2023:[1001][626]set time
Aug 24 21:02:23 2023:[1001][626]set time
Aug 24 21:05:10 2023:[1001][626]set time
Aug 24 21:08:49 2023:[1001][626]set time
Aug 24 21:11:42 2023:[1001][626]set time
Aug 24 21:50:22 2023:[1001][625]set time
Aug 25 22:50:30 2023:[1001][626]set time
Aug 26 08:56:36 2023:[1001][625]set time
Aug 26 12:29:31 2023:[1001][626]set time
Aug 29 09:33:23 2023:[1001][626]set time
Aug 29 09:51:35 2023:[1001][626]set time
Aug 29 09:51:51 2023:[1001][647]web login suc ip=192.168.0.100
Sep 17 17:34:34 2023:[1001][626]set time
Sep 17 17:36:26 2023:[1001][666]web login suc ip=192.168.0.100
Sep 17 17:39:03 2023:[1001][626]set time
Sep 17 17:39:15 2023:[1001][666]web login suc ip=192.168.0.100
